[2025-11-20T21:46:08] add-note
[2025-11-20T21:47:04] add-task
[2025-11-20T22:03:08] exit
[2025-11-21T14:12:10] add-note
[2025-11-21T14:12:55] edit-note 6
[2025-11-21T14:13:21] view-note 6
[2025-11-21T14:13:38] list-tasks
[2025-11-21T14:13:55] git add final
[2025-11-21T14:13:55] git commit -m "Add edit-note and edit-task with automatic timestamps (Feature 8)"
[2025-11-21T14:13:55] git push origin main
[2025-11-21T14:13:58] exit
[2025-11-21T15:45:58] add-task
[2025-11-22T10:23:06] add-task
[2025-11-22T10:47:19] add-task
[2025-11-22T10:49:06] add-task
[2025-11-22T10:49:49] exit
[2025-11-22T11:00:28] add-task
[2025-11-22T11:02:24] add-task
[2025-11-22T11:04:31] add-task
[2025-11-22T11:05:10] add-task
[2025-11-22T11:15:32] ai-summarize note 1
[2025-11-22T11:15:40] ai-summarize-note 1
[2025-11-22T11:24:18] list-tasks
[2025-11-22T11:24:27] add-tasks
[2025-11-22T11:24:29] add-task
[2025-11-22T11:38:56] exit
[2025-11-22T11:44:51] list-tasks
[2025-11-22T11:45:08] exit
[2025-11-22T12:08:06] add-task
[2025-11-22T12:09:02] add-tasks
[2025-11-22T12:09:05] add-task
[2025-11-22T12:11:58] add-task
[2025-11-22T12:15:39] add-task
[2025-11-22T12:20:00] add-task
[2025-11-22T12:24:16] add-task
[2025-11-22T12:25:38] exit
[2025-11-22T12:26:19] add-task
[2025-11-22T12:30:28] start-task 5
[2025-11-22T12:30:33] list-tasks
[2025-11-22T12:30:51] delete-task 19
[2025-11-22T12:30:55] list-tasks
[2025-11-22T12:31:44] exit
[2025-11-22T12:33:21] exit
[2025-11-22T13:33:33] add-task
[2025-11-22T13:34:15] add-task
[2025-11-22T13:36:00] exit
[2025-11-22T13:36:22] add-task
[2025-11-22T13:42:32] add-task
[2025-11-22T13:50:24] add-task
[2025-11-22T13:57:06] add-task
[2025-11-22T14:08:37] add-tasks
[2025-11-22T14:08:40] add-task
[2025-11-22T14:09:36] add-task
[2025-11-22T14:10:12] add-task
[2025-11-22T14:10:55] exit
[2025-11-22T14:11:13] add-task
[2025-11-22T16:10:44] eixt
[2025-11-22T16:10:54] exit
[2025-11-22T16:11:17] add-task
[2025-11-22T16:12:34] add-task
[2025-11-22T16:31:43] add-task
[2025-11-22T16:38:59] add-task
[2025-11-22T16:45:44] add-task
[2025-11-22T16:46:26] add-task
[2025-11-22T16:51:06] add-task
[2025-11-22T16:51:43] add-task
[2025-11-22T17:02:50] drawing legs
[2025-11-22T17:02:53] add-task 
[2025-11-22T17:03:38] exit
[2025-11-22T17:04:27] delete-task 1
[2025-11-22T17:04:32] delete-task 2
[2025-11-22T17:04:38] delete task 3
[2025-11-22T17:04:43] delete-task 3
[2025-11-22T17:04:46] delete-task 4
[2025-11-22T17:04:54] delete-task 5
[2025-11-22T17:05:01] delete-task 6
[2025-11-22T17:05:06] delete-task 7
[2025-11-22T17:05:16] delete-task 8
[2025-11-22T17:05:22] list-tasks
[2025-11-22T17:11:41] add-task
[2025-11-22T17:12:04] exit
